[0m08:04:31.888565 [debug] [MainThread]: Sending event: {'category': 'dbt', 'action': 'invocation', 'label': 'start', 'context': [<snowplow_tracker.self_describing_json.SelfDescribingJson object at 0x1093b7c20>, <snowplow_tracker.self_describing_json.SelfDescribingJson object at 0x109928470>, <snowplow_tracker.self_describing_json.SelfDescribingJson object at 0x109b4e8d0>]}


============================== 08:04:31.901718 | 9c4e3340-e0ed-40c4-96a7-51f575a47abc ==============================
[0m08:04:31.901718 [info ] [MainThread]: Running with dbt=1.11.7
[0m08:04:31.901957 [debug] [MainThread]: running dbt with arguments {'fail_fast': 'False', 'write_json': 'True', 'no_print': 'None', 'warn_error': 'None', 'empty': 'None', 'use_colors': 'True', 'log_path': 'logs', 'introspect': 'True', 'profiles_dir': '/Users/oskar/.dbt', 'quiet': 'False', 'log_cache_events': 'False', 'indirect_selection': 'eager', 'send_anonymous_usage_stats': 'True', 'debug': 'False', 'log_format': 'default', 'use_experimental_parser': 'False', 'version_check': 'True', 'cache_selected_only': 'False', 'printer_width': '80', 'partial_parse': 'True', 'static_parser': 'True', 'warn_error_options': 'WarnErrorOptionsV2(error=[], warn=[], silence=[])', 'target_path': 'None', 'invocation_command': 'dbt init'}
[0m08:04:31.925940 [info ] [MainThread]: Creating dbt configuration folder at /Users/oskar/.dbt
[0m08:04:46.321631 [debug] [MainThread]: Starter project path: /Users/oskar/study/dbt_workshop/.venv/lib/python3.12/site-packages/dbt/include/starter_project
[0m08:04:46.330084 [info ] [MainThread]: 
Your new dbt project "dbt_workshop" was created!

For more information on how to configure the profiles.yml file,
please consult the dbt documentation here:

  https://docs.getdbt.com/docs/configure-your-profile

One more thing:

Need help? Don't hesitate to reach out to us via GitHub issues or on Slack:

  https://community.getdbt.com/

Happy modeling!

[0m08:04:46.330485 [info ] [MainThread]: Setting up your profile.
[0m08:05:01.256261 [info ] [MainThread]: Profile dbt_workshop written to /Users/oskar/.dbt/profiles.yml using target's sample configuration. Once updated, you'll be able to start developing with dbt.
[0m08:05:01.256631 [debug] [MainThread]: Resource report: {"command_name": "init", "command_success": true, "command_wall_clock_time": 29.393747, "process_in_blocks": "0", "process_kernel_time": 0.321983, "process_mem_max_rss": "155435008", "process_out_blocks": "0", "process_user_time": 1.217698}
[0m08:05:01.256865 [debug] [MainThread]: Command `dbt init` succeeded at 08:05:01.256814 after 29.39 seconds
[0m08:05:01.257040 [debug] [MainThread]: Sending event: {'category': 'dbt', 'action': 'invocation', 'label': 'end', 'context': [<snowplow_tracker.self_describing_json.SelfDescribingJson object at 0x10069b230>, <snowplow_tracker.self_describing_json.SelfDescribingJson object at 0x108a13050>, <snowplow_tracker.self_describing_json.SelfDescribingJson object at 0x109a2ecc0>]}
[0m08:05:01.257217 [debug] [MainThread]: Flushing usage events
[0m08:05:01.787587 [debug] [MainThread]: An error was encountered while trying to flush usage events
